<?xml version="1.0" encoding="UTF-8"?>
<!-- Generated by org.testng.reporters.JUnitReportReporter -->
<testsuite hostname="DESKTOP-S552G9G" failures="0" tests="1" name="com.bpl.hrm.employeetest.AssignProjectToEmployeeTest" time="13.386" errors="0" timestamp="24 Sept 2024 13:08:33 GMT" skipped="0">
  <testcase classname="com.bpl.hrm.employeetest.AssignProjectToEmployeeTest" name="modifyEmpDetailsTest" time="13.386"/>
</testsuite> <!-- com.bpl.hrm.employeetest.AssignProjectToEmployeeTest -->
