<?xml version="1.0" encoding="UTF-8"?>
<!-- Generated by org.testng.reporters.JUnitReportReporter -->
<testsuite hostname="DESKTOP-S552G9G" failures="0" tests="1" name="com.bpl.hrm.payrolltest.UpdatePayrollTest" time="13.581" errors="0" timestamp="24 Sept 2024 13:14:52 GMT" skipped="0">
  <testcase classname="com.bpl.hrm.payrolltest.UpdatePayrollTest" name="updatePayroll" time="13.581"/>
</testsuite> <!-- com.bpl.hrm.payrolltest.UpdatePayrollTest -->
