<?xml version="1.0" encoding="UTF-8"?>
<!-- Generated by org.testng.reporters.JUnitReportReporter -->
<testsuite hostname="DESKTOP-S552G9G" failures="0" tests="2" name="com.bpl.hrm.projectstest.ProjectsTest" time="27.511" errors="0" timestamp="24 Sept 2024 14:51:25 GMT" skipped="0">
  <testcase classname="com.bpl.hrm.projectstest.ProjectsTest" name="deleteProject" time="15.550"/>
  <testcase classname="com.bpl.hrm.projectstest.ProjectsTest" name="exportProjectDetails" time="11.961"/>
</testsuite> <!-- com.bpl.hrm.projectstest.ProjectsTest -->
