<?xml version="1.0" encoding="UTF-8"?>
<!-- Generated by org.testng.reporters.JUnitReportReporter -->
<testsuite hostname="DESKTOP-S552G9G" failures="0" tests="2" name="com.bpl.hrm.employeetest.AssignProjectToEmployeeTest" time="34.604" errors="0" timestamp="24 Sept 2024 14:49:20 GMT" skipped="0">
  <testcase classname="com.bpl.hrm.employeetest.AssignProjectToEmployeeTest" name="assignProjectToEmployee" time="15.457"/>
  <testcase classname="com.bpl.hrm.employeetest.AssignProjectToEmployeeTest" name="modifyEmpDetailsTest" time="19.147"/>
</testsuite> <!-- com.bpl.hrm.employeetest.AssignProjectToEmployeeTest -->
